\BOOKMARK [1][-]{section.1}{Arbeite mit Eurem Ubuntu Mint in der VMWare weiter.}{}% 1
\BOOKMARK [1][-]{section.2}{Startet den virutellen Rechner, meldet Euch an und startet dort ein Terminalfesnter.}{}% 2
\BOOKMARK [1][-]{section.3}{Gebt mit cat /etc/passwd die Benutzerdatenbank aus. Was erkennt ihr?}{}% 3
\BOOKMARK [1][-]{section.4}{Legt einen weiteren Benutzer mit eurem Vornamen an:}{}% 4
\BOOKMARK [2][-]{subsection.4.1}{Wie bekommst Du Hilfe zum useradd-Kommando?}{section.4}% 5
\BOOKMARK [2][-]{subsection.4.2}{Was versteht man unter Optionen eines Kommandos?}{section.4}% 6
\BOOKMARK [1][-]{section.5}{Vergebt f\374r den Nutzer ein Passwort:}{}% 7
\BOOKMARK [1][-]{section.6}{Zeigt die entsprechenden Teile der Benutzerdatenbank an.}{}% 8
\BOOKMARK [2][-]{subsection.6.1}{Recherchiert im Internet was ein HASH-Wert ist und was das mit der Datei /etc/shadow zu tun hat.}{section.6}% 9
\BOOKMARK [2][-]{subsection.6.2}{Shadowfile-Erkl\344rung}{section.6}% 10
\BOOKMARK [1][-]{section.7}{Meldet Euch vom PC aus erneut mit putty \(IP Adresse im VMWare-Fenster mit ip addr show ermitteln\) aber dieses Mal als Benutzer walter an!}{}% 11
\BOOKMARK [2][-]{subsection.7.1}{K\366nnt ihr als walter auch root werden?}{section.7}% 12
\BOOKMARK [1][-]{section.8}{Gebt dem neuen Benutzer zus\344tzliche Rechte in dem ihr den account zur sudo Gruppe hinzugef\374gt. Das m\374sst Ihr nat\374rlich im root Fenster machen!}{}% 13
\BOOKMARK [2][-]{subsection.8.1}{Pr\374ft das, indem Ihr den Benutzer walter mit grep in der Gruppendatei /etc/group sucht.}{section.8}% 14
\BOOKMARK [1][-]{section.9}{Meldet euch erneut mit putty am Server als walter an und pr\374ft mit dem Kommando groups, zu welchen Gruppen Ihr nun geh\366rt.}{}% 15
\BOOKMARK [2][-]{subsection.9.1}{K\366nnt ihr nun als walter mit sudo root werden?}{section.9}% 16
\BOOKMARK [1][-]{section.10}{Gebt mit ls -ld/tmp /bin die Rechte auf den Verzeichnissen /tmp und bin aus.}{}% 17
\BOOKMARK [2][-]{subsection.10.1}{Interpretiert die Ausgabe und vergleicht diese mit der Ausgabe des grafischen Dateiexplorers im Tab Permissions}{section.10}% 18
\BOOKMARK [1][-]{section.11}{Legt als Benutzer walter mit mkdir ein Verzeichnis unter /tmp an und \374berpr\374ft die Eigenschaften dieses Verzeichnisses.}{}% 19
\BOOKMARK [2][-]{subsection.11.1}{Legt im Verzeichnis die Datei an:}{section.11}% 20
\BOOKMARK [1][-]{section.12}{K\366nnt ihr die Datei im grafischen explorer \366ffnen, k\366nnt ihr dies \344ndern/\374berschreiben?}{}% 21
\BOOKMARK [1][-]{section.13}{\304ndert als walter \(in putty\) die Rechte des Verzeichnisses mit}{}% 22
\BOOKMARK [2][-]{subsection.13.1}{Wie wirkt sich das auf die Sichtbarkeit im explorer aus?}{section.13}% 23
\BOOKMARK [1][-]{section.14}{Gebt den urspr\374nglichen Benutzer eures Linux-Rechners zus\344tzlich die Gruppe walter.}{}% 24
\BOOKMARK [2][-]{subsection.14.1}{Meldet Euch mit "Logout" ab und erneut an.}{section.14}% 25
\BOOKMARK [2][-]{subsection.14.2}{Was bewirkt das und was gilt nun f\374r die Zugriffsrechte des urspr\374nglichen Nutzers?}{section.14}% 26
